<?xml version="1.0" encoding="UTF-8"?>
<!-- Generated by org.testng.reporters.JUnitReportReporter -->
<testsuite hostname="DESKTOP-QAFE254" failures="0" tests="5" name="Chapter_3.TestNG" time="0.028" errors="0" timestamp="2022-10-08T14:58:00 IST" skipped="1">
  <testcase classname="Chapter_3.TestNG" name="first" time="0.007"/>
  <system-out>
    <![CDATA[Atul]]>
  </system-out>
  <testcase classname="Chapter_3.TestNG" name="first" time="0.018"/>
  <system-out>
    <![CDATA[Atul]]>
  </system-out>
  <testcase classname="Chapter_3.TestNG" name="first" time="0.002"/>
  <system-out>
    <![CDATA[Atul]]>
  </system-out>
  <testcase classname="Chapter_3.TestNG" name="last" time="0.001"/>
  <system-out>
    <![CDATA[Patankar]]>
  </system-out>
  <testcase classname="Chapter_3.TestNG" name="middle">
    <skipped/>
  </testcase> <!-- middle -->
  <system-out/>
</testsuite> <!-- Chapter_3.TestNG -->
