<?xml version="1.0" encoding="UTF-8"?>
<!-- Generated by org.testng.reporters.JUnitReportReporter -->
<testsuite hostname="DESKTOP-QAFE254" failures="0" tests="1" name="Chapter_3.TestNG_Annotation2" time="11.449" errors="0" timestamp="2022-10-08T16:06:26 IST" skipped="0">
  <testcase classname="Chapter_3.TestNG_Annotation2" name="mainclass" time="11.449"/>
  <system-out>
    <![CDATA[https://www.facebook.com/login/identify/?ctx=recover&ars=facebook_login&from_login_screen=0
Forgotten Password | Can't Log In | Facebook]]>
  </system-out>
</testsuite> <!-- Chapter_3.TestNG_Annotation2 -->
